[01-Jun-2018 17:00:17 Asia/Manila] PHP Notice:  Undefined index: account_id in C:\Users\sly\Desktop\UwAmp310\www\ilmb\handlers\account-profile.php on line 15
[01-Jun-2018 17:00:17 Asia/Manila] PHP Stack trace:
[01-Jun-2018 17:00:17 Asia/Manila] PHP   1. {main}() C:\Users\sly\Desktop\UwAmp310\www\ilmb\handlers\account-profile.php:0
[01-Jun-2018 17:00:17 Asia/Manila] PHP Fatal error:  Uncaught PDOException: SQLSTATE[42000]: Syntax error or access violation: 1064 You have an error in your SQL syntax; check the manual that corresponds to your MySQL server version for the right syntax to use near '' at line 1 in C:\Users\sly\Desktop\UwAmp310\www\ilmb\db.php:38
Stack trace:
#0 C:\Users\sly\Desktop\UwAmp310\www\ilmb\db.php(38): PDO->query('SELECT account_...')
#1 C:\Users\sly\Desktop\UwAmp310\www\ilmb\handlers\account-profile.php(17): pdo_db->getData('SELECT account_...')
#2 {main}
  thrown in C:\Users\sly\Desktop\UwAmp310\www\ilmb\db.php on line 38
[01-Jun-2018 17:00:33 Asia/Manila] PHP Notice:  Undefined index: account_id in C:\Users\sly\Desktop\UwAmp310\www\ilmb\handlers\registration-save.php on line 26
[01-Jun-2018 17:00:33 Asia/Manila] PHP Stack trace:
[01-Jun-2018 17:00:33 Asia/Manila] PHP   1. {main}() C:\Users\sly\Desktop\UwAmp310\www\ilmb\handlers\registration-save.php:0
[01-Jun-2018 17:01:28 Asia/Manila] PHP Notice:  A session had already been started - ignoring session_start() in C:\Users\sly\Desktop\UwAmp310\www\ilmb\handlers\registration-save.php on line 11
[01-Jun-2018 17:01:28 Asia/Manila] PHP Stack trace:
[01-Jun-2018 17:01:28 Asia/Manila] PHP   1. {main}() C:\Users\sly\Desktop\UwAmp310\www\ilmb\handlers\registration-save.php:0
[01-Jun-2018 17:01:28 Asia/Manila] PHP   2. session_start() C:\Users\sly\Desktop\UwAmp310\www\ilmb\handlers\registration-save.php:11
[01-Jun-2018 17:01:28 Asia/Manila] PHP Notice:  Undefined index: account_id in C:\Users\sly\Desktop\UwAmp310\www\ilmb\handlers\registration-save.php on line 26
[01-Jun-2018 17:01:28 Asia/Manila] PHP Stack trace:
[01-Jun-2018 17:01:28 Asia/Manila] PHP   1. {main}() C:\Users\sly\Desktop\UwAmp310\www\ilmb\handlers\registration-save.php:0
[01-Jun-2018 17:04:02 Asia/Manila] PHP Notice:  Undefined index: account_id in C:\Users\sly\Desktop\UwAmp310\www\ilmb\handlers\registration-new.php on line 11
[01-Jun-2018 17:04:02 Asia/Manila] PHP Stack trace:
[01-Jun-2018 17:04:02 Asia/Manila] PHP   1. {main}() C:\Users\sly\Desktop\UwAmp310\www\ilmb\handlers\registration-new.php:0
